[2026-05-09 15:14:05] [SYSTEM] Logger initialized — system started
[2026-05-09 15:14:06] [SERVER] TCP Server started on port 5000
[2026-05-09 15:14:06] [ERROR-SERVER] Server crashed: Address already in use: bind
[2026-05-09 19:03:21] [SYSTEM] Logger initialized — system started
[2026-05-09 19:03:21] [SERVER] TCP Server started on port 5000
[2026-05-09 19:03:21] [ERROR-SERVER] Server crashed: Address already in use: bind
[2026-05-09 19:05:07] [SYSTEM] Logger initialized — system started
[2026-05-09 19:05:07] [ANALYTICS] Analytics screen opened
[2026-05-09 19:06:14] [ANALYTICS] Analytics screen opened
[2026-05-09 19:42:33] [ANALYTICS] Analytics screen opened
[2026-05-09 19:42:33] [ANALYTICS] Analytics screen opened
[2026-05-09 19:42:33] [ANALYTICS] Analytics screen opened
[2026-05-09 19:42:33] [ANALYTICS] Analytics screen opened
[2026-05-09 19:42:34] [ANALYTICS] Analytics screen opened
[2026-05-09 19:42:34] [ANALYTICS] Analytics screen opened
[2026-05-09 19:43:05] [SYSTEM] Logger initialized — system started
[2026-05-09 19:43:05] [SERVER] TCP Server started on port 5000
[2026-05-09 19:43:05] [WEB] Web dashboard started on port 8080
[2026-05-09 19:43:05] [ERROR-SERVER] Crashed: Address already in use: bind
[2026-05-09 19:44:05] [ALERT] Watchdog: 59 unresolved
[2026-05-09 19:45:05] [ALERT] Watchdog: 59 unresolved
[2026-05-09 19:46:05] [ALERT] Watchdog: 59 unresolved
[2026-05-09 19:47:05] [ALERT] Watchdog: 60 unresolved
[2026-05-09 19:48:05] [ALERT] Watchdog: 60 unresolved
[2026-05-09 19:49:05] [ALERT] Watchdog: 60 unresolved
[2026-05-09 19:50:05] [ALERT] Watchdog: 60 unresolved
[2026-05-09 19:50:19] [SYSTEM] Logger initialized — system started
[2026-05-09 19:50:19] [SERVER] TCP Server started on port 5000
[2026-05-09 19:50:19] [ERROR-WEB] Web server error: Address already in use: bind
[2026-05-09 19:50:19] [ERROR-SERVER] Crashed: Address already in use: bind
[2026-05-09 19:51:06] [ALERT] Watchdog: 60 unresolved
[2026-05-09 19:52:06] [ALERT] Watchdog: 60 unresolved
[2026-05-09 19:53:06] [ALERT] Watchdog: 60 unresolved
[2026-05-09 19:54:06] [ALERT] Watchdog: 60 unresolved
[2026-05-09 19:55:06] [ALERT] Watchdog: 60 unresolved
[2026-05-09 19:55:06] [SYSTEM] Logger initialized — system started
[2026-05-09 19:55:06] [SERVER] TCP Server started on port 5000
[2026-05-09 19:55:06] [ERROR-WEB] Web server error: Address already in use: bind
[2026-05-09 19:55:06] [ERROR-SERVER] Crashed: Address already in use: bind
[2026-05-09 19:56:06] [ALERT] Watchdog: 60 unresolved
[2026-05-09 19:57:06] [ALERT] Watchdog: 67 unresolved
[2026-05-09 19:58:06] [ALERT] Watchdog: 67 unresolved
[2026-05-09 19:59:06] [ALERT] Watchdog: 67 unresolved
[2026-05-09 20:00:06] [ALERT] Watchdog: 67 unresolved
[2026-05-09 20:01:06] [ALERT] Watchdog: 67 unresolved
[2026-05-09 20:02:06] [ALERT] Watchdog: 67 unresolved
[2026-05-09 20:27:13] [ALERT] Watchdog: 67 unresolved
[2026-05-09 20:28:13] [ALERT] Watchdog: 67 unresolved
[2026-05-09 20:29:13] [ALERT] Watchdog: 67 unresolved
[2026-05-09 20:30:13] [ALERT] Watchdog: 67 unresolved
[2026-05-09 20:34:41] [ALERT] Watchdog: 67 unresolved
[2026-05-09 20:35:41] [ALERT] Watchdog: 67 unresolved
[2026-05-09 20:36:41] [ALERT] Watchdog: 67 unresolved
[2026-05-09 20:44:41] [ALERT] Watchdog: 67 unresolved
[2026-05-09 20:45:41] [ALERT] Watchdog: 67 unresolved
[2026-05-09 20:46:41] [ALERT] Watchdog: 67 unresolved
[2026-05-09 20:47:41] [ALERT] Watchdog: 67 unresolved
[2026-05-09 20:48:07] [SYSTEM] Logger initialized — system started
[2026-05-09 20:48:07] [SERVER] TCP Server started on port 5000
[2026-05-09 20:48:08] [ERROR-WEB] Web server error: Address already in use: bind
[2026-05-09 20:48:08] [ERROR-SERVER] Crashed: Address already in use: bind
[2026-05-09 20:48:42] [ALERT] Watchdog: 67 unresolved
[2026-05-09 20:49:42] [ALERT] Watchdog: 68 unresolved
[2026-05-09 20:50:42] [ALERT] Watchdog: 68 unresolved
[2026-05-09 20:51:42] [ALERT] Watchdog: 68 unresolved
[2026-05-09 20:52:42] [ALERT] Watchdog: 68 unresolved
[2026-05-09 20:53:42] [ALERT] Watchdog: 68 unresolved
[2026-05-09 20:54:37] [SYSTEM] Logger initialized — system started
[2026-05-09 20:54:37] [SERVER] TCP Server started on port 5000
[2026-05-09 20:54:37] [ERROR-WEB] Web server error: Address already in use: bind
[2026-05-09 20:54:37] [ERROR-SERVER] Crashed: Address already in use: bind
[2026-05-09 20:54:42] [ALERT] Watchdog: 68 unresolved
[2026-05-09 20:55:40] [SYSTEM] Logger initialized — system started
[2026-05-09 20:55:40] [ANALYTICS] Analytics screen opened
[2026-05-09 20:55:42] [ALERT] Watchdog: 69 unresolved
[2026-05-09 21:33:55] [ALERT] Watchdog: 69 unresolved
[2026-05-09 21:34:55] [ALERT] Watchdog: 69 unresolved
[2026-05-09 21:35:55] [ALERT] Watchdog: 69 unresolved
[2026-05-09 21:36:55] [ALERT] Watchdog: 69 unresolved
[2026-05-09 21:37:55] [ALERT] Watchdog: 69 unresolved
[2026-05-09 21:38:55] [ALERT] Watchdog: 69 unresolved
[2026-05-09 21:39:55] [ALERT] Watchdog: 69 unresolved
[2026-05-09 21:40:55] [ALERT] Watchdog: 69 unresolved
[2026-05-09 21:41:55] [ALERT] Watchdog: 69 unresolved
[2026-05-09 21:42:55] [ALERT] Watchdog: 69 unresolved
[2026-05-09 21:43:55] [ALERT] Watchdog: 69 unresolved
[2026-05-09 21:44:55] [ALERT] Watchdog: 69 unresolved
[2026-05-09 21:45:55] [ALERT] Watchdog: 69 unresolved
[2026-05-09 21:46:55] [ALERT] Watchdog: 69 unresolved
[2026-05-09 21:47:55] [ALERT] Watchdog: 69 unresolved
[2026-05-09 21:48:55] [ALERT] Watchdog: 69 unresolved
[2026-05-09 21:49:55] [ALERT] Watchdog: 69 unresolved
[2026-05-09 21:50:55] [ALERT] Watchdog: 69 unresolved
[2026-05-09 21:51:55] [ALERT] Watchdog: 69 unresolved
[2026-05-09 21:52:55] [ALERT] Watchdog: 69 unresolved
[2026-05-09 21:53:55] [ALERT] Watchdog: 69 unresolved
[2026-05-09 21:54:55] [ALERT] Watchdog: 69 unresolved
[2026-05-09 21:55:55] [ALERT] Watchdog: 69 unresolved
[2026-05-09 21:56:55] [ALERT] Watchdog: 69 unresolved
[2026-05-09 21:57:55] [ALERT] Watchdog: 69 unresolved
[2026-05-09 21:58:55] [ALERT] Watchdog: 69 unresolved
[2026-05-09 21:59:55] [ALERT] Watchdog: 69 unresolved
[2026-05-09 22:00:55] [ALERT] Watchdog: 69 unresolved
[2026-05-09 22:01:55] [ALERT] Watchdog: 69 unresolved
[2026-05-09 22:02:55] [ALERT] Watchdog: 69 unresolved
[2026-05-09 22:03:55] [ALERT] Watchdog: 69 unresolved
[2026-05-09 22:04:55] [ALERT] Watchdog: 69 unresolved
[2026-05-09 22:05:55] [ALERT] Watchdog: 69 unresolved
[2026-05-09 22:06:56] [ALERT] Watchdog: 69 unresolved
[2026-05-09 22:07:56] [ALERT] Watchdog: 69 unresolved
[2026-05-09 22:08:56] [ALERT] Watchdog: 69 unresolved
[2026-05-09 22:09:56] [ALERT] Watchdog: 69 unresolved
[2026-05-09 22:10:56] [ALERT] Watchdog: 69 unresolved
[2026-05-09 22:11:56] [ALERT] Watchdog: 69 unresolved
[2026-05-09 22:12:56] [ALERT] Watchdog: 69 unresolved
[2026-05-09 22:13:56] [ALERT] Watchdog: 69 unresolved
[2026-05-09 22:14:56] [ALERT] Watchdog: 69 unresolved
[2026-05-09 22:15:56] [ALERT] Watchdog: 69 unresolved
[2026-05-09 22:16:56] [ALERT] Watchdog: 69 unresolved
[2026-05-09 22:17:56] [ALERT] Watchdog: 69 unresolved
[2026-05-09 22:18:56] [ALERT] Watchdog: 69 unresolved
[2026-05-09 22:19:56] [ALERT] Watchdog: 69 unresolved
[2026-05-09 22:20:56] [ALERT] Watchdog: 69 unresolved
[2026-05-09 22:21:56] [ALERT] Watchdog: 69 unresolved
[2026-05-09 22:22:56] [ALERT] Watchdog: 69 unresolved
[2026-05-09 22:23:56] [ALERT] Watchdog: 69 unresolved
[2026-05-09 22:24:56] [ALERT] Watchdog: 69 unresolved
[2026-05-09 22:25:56] [ALERT] Watchdog: 69 unresolved
[2026-05-09 22:26:56] [ALERT] Watchdog: 69 unresolved
[2026-05-09 22:27:56] [ALERT] Watchdog: 69 unresolved
[2026-05-09 22:28:56] [ALERT] Watchdog: 69 unresolved
[2026-05-09 22:29:56] [ALERT] Watchdog: 69 unresolved
[2026-05-09 22:30:56] [ALERT] Watchdog: 69 unresolved
[2026-05-09 22:31:56] [ALERT] Watchdog: 69 unresolved
[2026-05-09 22:32:56] [ALERT] Watchdog: 69 unresolved
[2026-05-09 22:33:56] [ALERT] Watchdog: 69 unresolved
[2026-05-09 22:34:56] [ALERT] Watchdog: 69 unresolved
[2026-05-09 22:35:56] [ALERT] Watchdog: 69 unresolved
[2026-05-09 22:36:56] [ALERT] Watchdog: 69 unresolved
[2026-05-09 22:37:56] [ALERT] Watchdog: 69 unresolved
[2026-05-09 22:38:56] [ALERT] Watchdog: 69 unresolved
[2026-05-09 22:39:56] [ALERT] Watchdog: 69 unresolved
[2026-05-09 22:40:56] [ALERT] Watchdog: 69 unresolved
[2026-05-09 22:41:56] [ALERT] Watchdog: 69 unresolved
[2026-05-09 22:42:56] [ALERT] Watchdog: 69 unresolved
[2026-05-09 22:43:56] [ALERT] Watchdog: 69 unresolved
[2026-05-09 22:44:56] [ALERT] Watchdog: 69 unresolved
[2026-05-09 22:45:56] [ALERT] Watchdog: 69 unresolved
[2026-05-09 22:46:56] [ALERT] Watchdog: 69 unresolved
[2026-05-09 22:47:56] [ALERT] Watchdog: 69 unresolved
[2026-05-09 22:48:56] [ALERT] Watchdog: 69 unresolved
[2026-05-09 22:49:56] [ALERT] Watchdog: 69 unresolved
[2026-05-09 22:50:57] [ALERT] Watchdog: 69 unresolved
[2026-05-09 22:51:57] [ALERT] Watchdog: 69 unresolved
[2026-05-09 22:52:57] [ALERT] Watchdog: 69 unresolved
[2026-05-09 22:53:57] [ALERT] Watchdog: 69 unresolved
[2026-05-09 22:54:57] [ALERT] Watchdog: 69 unresolved
[2026-05-09 22:55:57] [ALERT] Watchdog: 69 unresolved
[2026-05-09 22:56:57] [ALERT] Watchdog: 69 unresolved
[2026-05-09 22:57:57] [ALERT] Watchdog: 69 unresolved
[2026-05-09 22:58:57] [ALERT] Watchdog: 69 unresolved
[2026-05-09 22:59:57] [ALERT] Watchdog: 69 unresolved
[2026-05-09 23:00:57] [ALERT] Watchdog: 69 unresolved
[2026-05-09 23:01:57] [ALERT] Watchdog: 69 unresolved
[2026-05-09 23:02:57] [ALERT] Watchdog: 69 unresolved
[2026-05-09 23:03:57] [ALERT] Watchdog: 69 unresolved
[2026-05-09 23:04:57] [ALERT] Watchdog: 69 unresolved
[2026-05-09 23:05:57] [ALERT] Watchdog: 69 unresolved
[2026-05-09 23:06:57] [ALERT] Watchdog: 69 unresolved
[2026-05-09 23:07:57] [ALERT] Watchdog: 69 unresolved
[2026-05-09 23:08:57] [ALERT] Watchdog: 69 unresolved
[2026-05-09 23:09:57] [ALERT] Watchdog: 69 unresolved
[2026-05-09 23:10:57] [ALERT] Watchdog: 69 unresolved
[2026-05-09 23:11:57] [ALERT] Watchdog: 69 unresolved
[2026-05-09 23:12:57] [ALERT] Watchdog: 69 unresolved
[2026-05-09 23:13:57] [ALERT] Watchdog: 69 unresolved
[2026-05-09 23:14:57] [ALERT] Watchdog: 69 unresolved
[2026-05-09 23:15:57] [ALERT] Watchdog: 69 unresolved
[2026-05-09 23:16:57] [ALERT] Watchdog: 69 unresolved
[2026-05-09 23:17:57] [ALERT] Watchdog: 69 unresolved
[2026-05-09 23:18:57] [ALERT] Watchdog: 69 unresolved
[2026-05-09 23:19:57] [ALERT] Watchdog: 69 unresolved
[2026-05-09 23:20:57] [ALERT] Watchdog: 69 unresolved
[2026-05-09 23:21:57] [ALERT] Watchdog: 69 unresolved
[2026-05-09 23:22:57] [ALERT] Watchdog: 69 unresolved
[2026-05-09 23:23:57] [ALERT] Watchdog: 69 unresolved
[2026-05-09 23:24:57] [ALERT] Watchdog: 69 unresolved
[2026-05-09 23:25:57] [ALERT] Watchdog: 69 unresolved
[2026-05-09 23:26:57] [ALERT] Watchdog: 69 unresolved
[2026-05-09 23:27:57] [ALERT] Watchdog: 69 unresolved
[2026-05-09 23:28:58] [ALERT] Watchdog: 69 unresolved
[2026-05-09 23:29:58] [ALERT] Watchdog: 69 unresolved
[2026-05-09 23:30:58] [ALERT] Watchdog: 69 unresolved
[2026-05-09 23:31:58] [ALERT] Watchdog: 69 unresolved
[2026-05-09 23:32:58] [ALERT] Watchdog: 70 unresolved
[2026-05-09 23:33:36] [SYSTEM] Logger initialized — system started
[2026-05-09 23:33:36] [ANALYTICS] Analytics screen opened
[2026-05-09 23:33:58] [ALERT] Watchdog: 70 unresolved
[2026-05-09 23:34:17] [ANALYTICS] Analytics screen opened
[2026-05-09 23:34:58] [ALERT] Watchdog: 70 unresolved
[2026-05-09 23:35:58] [ALERT] Watchdog: 70 unresolved
[2026-05-09 23:36:58] [ALERT] Watchdog: 70 unresolved
[2026-05-09 23:37:58] [ALERT] Watchdog: 70 unresolved
[2026-05-09 23:38:58] [ALERT] Watchdog: 70 unresolved
[2026-05-09 23:39:58] [ALERT] Watchdog: 70 unresolved
[2026-05-09 23:40:58] [ALERT] Watchdog: 70 unresolved
[2026-05-09 23:41:58] [ALERT] Watchdog: 70 unresolved
[2026-05-09 23:42:58] [ALERT] Watchdog: 70 unresolved
[2026-05-09 23:43:58] [ALERT] Watchdog: 70 unresolved
[2026-05-09 23:44:58] [ALERT] Watchdog: 70 unresolved
[2026-05-09 23:45:58] [ALERT] Watchdog: 70 unresolved
[2026-05-09 23:46:58] [ALERT] Watchdog: 70 unresolved
[2026-05-09 23:47:58] [ALERT] Watchdog: 70 unresolved
[2026-05-09 23:48:58] [ALERT] Watchdog: 70 unresolved
[2026-05-09 23:49:58] [ALERT] Watchdog: 70 unresolved
[2026-05-09 23:50:58] [ALERT] Watchdog: 71 unresolved
[2026-05-09 23:51:58] [ALERT] Watchdog: 71 unresolved
[2026-05-09 23:52:58] [ALERT] Watchdog: 71 unresolved
[2026-05-09 23:53:58] [ALERT] Watchdog: 71 unresolved
[2026-05-09 23:54:58] [ALERT] Watchdog: 71 unresolved
[2026-05-09 23:55:58] [ALERT] Watchdog: 71 unresolved
[2026-05-09 23:56:58] [ALERT] Watchdog: 71 unresolved
[2026-05-09 23:57:58] [ALERT] Watchdog: 71 unresolved
[2026-05-09 23:58:58] [ALERT] Watchdog: 71 unresolved
[2026-05-09 23:59:58] [ALERT] Watchdog: 71 unresolved
[2026-05-10 00:00:58] [ALERT] Watchdog: 71 unresolved
[2026-05-10 00:01:58] [ALERT] Watchdog: 71 unresolved
[2026-05-10 00:02:58] [ALERT] Watchdog: 71 unresolved
[2026-05-10 00:03:58] [ALERT] Watchdog: 71 unresolved
[2026-05-10 00:04:58] [ALERT] Watchdog: 71 unresolved
[2026-05-10 00:05:58] [ALERT] Watchdog: 71 unresolved
[2026-05-10 00:06:58] [ALERT] Watchdog: 71 unresolved
[2026-05-10 00:07:59] [ALERT] Watchdog: 71 unresolved
[2026-05-10 00:08:59] [ALERT] Watchdog: 71 unresolved
[2026-05-10 00:09:59] [ALERT] Watchdog: 71 unresolved
[2026-05-10 00:10:59] [ALERT] Watchdog: 71 unresolved
[2026-05-10 00:11:59] [ALERT] Watchdog: 71 unresolved
[2026-05-10 00:12:59] [ALERT] Watchdog: 71 unresolved
[2026-05-10 00:13:59] [ALERT] Watchdog: 71 unresolved
[2026-05-10 00:14:59] [ALERT] Watchdog: 71 unresolved
[2026-05-10 00:15:59] [ALERT] Watchdog: 71 unresolved
[2026-05-10 00:16:59] [ALERT] Watchdog: 71 unresolved
[2026-05-10 00:17:59] [ALERT] Watchdog: 71 unresolved
[2026-05-10 00:18:59] [ALERT] Watchdog: 71 unresolved
[2026-05-10 00:19:59] [ALERT] Watchdog: 71 unresolved
[2026-05-10 00:20:59] [ALERT] Watchdog: 71 unresolved
[2026-05-10 00:21:59] [ALERT] Watchdog: 71 unresolved
[2026-05-10 00:22:59] [ALERT] Watchdog: 71 unresolved
[2026-05-10 00:23:59] [ALERT] Watchdog: 71 unresolved
[2026-05-10 00:24:59] [ALERT] Watchdog: 71 unresolved
[2026-05-10 00:25:59] [ALERT] Watchdog: 71 unresolved
[2026-05-10 00:26:59] [ALERT] Watchdog: 71 unresolved
[2026-05-10 00:27:59] [ALERT] Watchdog: 71 unresolved
[2026-05-10 00:28:59] [ALERT] Watchdog: 71 unresolved
[2026-05-10 00:29:59] [ALERT] Watchdog: 71 unresolved
[2026-05-10 00:30:59] [ALERT] Watchdog: 71 unresolved
[2026-05-10 00:31:59] [ALERT] Watchdog: 71 unresolved
[2026-05-10 00:32:59] [ALERT] Watchdog: 71 unresolved
[2026-05-10 00:33:59] [ALERT] Watchdog: 71 unresolved
[2026-05-10 00:34:19] [SYSTEM] Logger initialized — system started
[2026-05-10 00:34:19] [SERVER] TCP Server started on port 5000
[2026-05-10 00:34:19] [ERROR-WEB] Web server error: Address already in use: bind
[2026-05-10 00:34:19] [ERROR-SERVER] Crashed: Address already in use: bind
[2026-05-10 00:34:59] [ALERT] Watchdog: 71 unresolved
[2026-05-10 00:35:59] [ALERT] Watchdog: 72 unresolved
[2026-05-10 00:36:38] [SYSTEM] Logger initialized — system started
[2026-05-10 00:36:38] [ANALYTICS] Analytics screen opened
[2026-05-10 00:36:42] [ANALYTICS] Analytics screen opened
[2026-05-10 00:36:59] [ALERT] Watchdog: 73 unresolved
[2026-05-10 00:37:59] [ALERT] Watchdog: 73 unresolved
[2026-05-10 00:38:59] [ALERT] Watchdog: 73 unresolved
[2026-05-10 00:39:59] [ALERT] Watchdog: 73 unresolved
[2026-05-10 00:40:59] [ALERT] Watchdog: 73 unresolved
[2026-05-10 00:41:59] [ALERT] Watchdog: 73 unresolved
[2026-05-10 00:42:22] [SYSTEM] Logger initialized — system started
[2026-05-10 00:42:22] [SERVER] TCP Server started on port 5000
[2026-05-10 00:42:22] [ERROR-WEB] Web server error: Address already in use: bind
[2026-05-10 00:42:22] [ERROR-SERVER] Crashed: Address already in use: bind
[2026-05-10 00:42:59] [ALERT] Watchdog: 73 unresolved
[2026-05-10 00:43:59] [ALERT] Watchdog: 74 unresolved
[2026-05-10 00:44:59] [ALERT] Watchdog: 74 unresolved
[2026-05-10 00:45:59] [ALERT] Watchdog: 74 unresolved
[2026-05-10 00:47:00] [ALERT] Watchdog: 74 unresolved
[2026-05-10 00:48:00] [ALERT] Watchdog: 74 unresolved
[2026-05-10 00:49:00] [ALERT] Watchdog: 74 unresolved
[2026-05-10 00:49:19] [SYSTEM] Logger initialized — system started
[2026-05-10 00:49:20] [SERVER] TCP Server started on port 5000
[2026-05-10 00:49:20] [ERROR-WEB] Web server error: Address already in use: bind
[2026-05-10 00:49:20] [ERROR-SERVER] Crashed: Address already in use: bind
[2026-05-10 00:50:00] [ALERT] Watchdog: 74 unresolved
[2026-05-10 00:50:48] [SYSTEM] Logger initialized — system started
[2026-05-10 00:50:48] [RESOLVED] Incident #73 resolved by tizita
[2026-05-10 00:50:56] [RESOLVED] Incident #74 resolved by tizita
[2026-05-10 00:51:00] [ALERT] Watchdog: 72 unresolved
[2026-05-10 00:51:32] [ANALYTICS] Analytics screen opened
[2026-05-10 00:52:00] [ALERT] Watchdog: 72 unresolved
[2026-05-10 00:53:00] [ALERT] Watchdog: 72 unresolved
[2026-05-10 00:54:00] [ALERT] Watchdog: 72 unresolved
[2026-05-10 00:55:00] [ALERT] Watchdog: 72 unresolved
[2026-05-10 00:56:00] [ALERT] Watchdog: 72 unresolved
[2026-05-10 00:57:00] [ALERT] Watchdog: 72 unresolved
[2026-05-10 00:58:00] [ALERT] Watchdog: 72 unresolved
[2026-05-10 00:59:00] [ALERT] Watchdog: 72 unresolved
[2026-05-10 01:00:00] [ALERT] Watchdog: 72 unresolved
[2026-05-10 01:01:00] [ALERT] Watchdog: 72 unresolved
[2026-05-10 01:02:00] [ALERT] Watchdog: 72 unresolved
[2026-05-10 01:03:00] [ALERT] Watchdog: 72 unresolved
[2026-05-10 01:04:00] [ALERT] Watchdog: 72 unresolved
[2026-05-10 01:05:00] [ALERT] Watchdog: 72 unresolved
[2026-05-10 01:06:00] [ALERT] Watchdog: 72 unresolved
[2026-05-10 01:07:00] [ALERT] Watchdog: 72 unresolved
[2026-05-10 01:08:00] [ALERT] Watchdog: 72 unresolved
[2026-05-10 01:09:00] [ALERT] Watchdog: 72 unresolved
[2026-05-10 01:10:00] [ALERT] Watchdog: 72 unresolved
[2026-05-10 01:11:00] [ALERT] Watchdog: 72 unresolved
[2026-05-10 01:12:00] [ALERT] Watchdog: 72 unresolved
[2026-05-10 01:13:00] [ALERT] Watchdog: 72 unresolved
[2026-05-10 01:14:00] [ALERT] Watchdog: 72 unresolved
[2026-05-10 01:15:00] [ALERT] Watchdog: 72 unresolved
